<?xml version="1.0" encoding="UTF-8"?>
<!-- Generated by org.testng.reporters.JUnitXMLReporter -->
<testsuite hostname="Jaclyns-MacBook-Pro.local" name="Surefire test" tests="6" failures="0" timestamp="31 Oct 2014 06:20:11 GMT" time="1.509" errors="0">
  <testcase name="testStart" time="0.214" classname="test.java.StartTest"/>
  <testcase name="testSetHandler" time="0.0" classname="test.java.StartTest"/>
  <testcase name="testMonitor" time="0.024" classname="test.java.StartTest"/>
  <testcase name="testThreadStart" time="0.149" classname="test.java.StartTest"/>
  <testcase name="test" time="1.064" classname="test.java.WebApplicationTest"/>
  <testcase name="testStop" time="0.004" classname="test.java.StopTest"/>
</testsuite>
